<?xml version="1.0" encoding="UTF-8"?>
<!-- Generated by org.testng.reporters.JUnitReportReporter -->
<testsuite name="runner.Runner" tests="2" time="39.096" ignored="0" failures="0" timestamp="08 Mar 2018 02:59:30 GMT" skipped="0" hostname="LP-PC0MQFYH" errors="0">
  <testcase name="feature" time="19.865" classname="runner.Runner"/>
  <testcase name="feature" time="19.231" classname="runner.Runner"/>
</testsuite> <!-- runner.Runner -->
